0 info it worked if it ends with ok
1 verbose cli [ '/usr/local/Cellar/node/6.2.1/bin/node',
1 verbose cli   '/usr/local/bin/npm',
1 verbose cli   'run',
1 verbose cli   'build' ]
2 info using npm@3.9.3
3 info using node@v6.2.1
4 verbose run-script [ 'prebuild', 'build', 'postbuild' ]
5 info lifecycle data-watcher@0.1.0~prebuild: data-watcher@0.1.0
6 silly lifecycle data-watcher@0.1.0~prebuild: no script for prebuild, continuing
7 info lifecycle data-watcher@0.1.0~build: data-watcher@0.1.0
8 verbose lifecycle data-watcher@0.1.0~build: unsafe-perm in lifecycle true
9 verbose lifecycle data-watcher@0.1.0~build: PATH: /usr/local/lib/node_modules/npm/bin/node-gyp-bin:/Users/denisizmaylov/Sites/data-watcher/node_modules/.bin:/usr/local/Cellar/node/6.2.1/bin:/usr/local/opt/mongodb/bin:/usr/local/bin:/usr/bin:/bin:/usr/sbin:/sbin:/Users/denisizmaylov/.node/bin:/Users/denisizmaylov/go/bin
10 verbose lifecycle data-watcher@0.1.0~build: CWD: /Users/denisizmaylov/Sites/data-watcher
11 silly lifecycle data-watcher@0.1.0~build: Args: [ '-c', 'npm run clean && npm run build:lib' ]
12 silly lifecycle data-watcher@0.1.0~build: Returned: code: 1  signal: null
13 info lifecycle data-watcher@0.1.0~build: Failed to exec build script
14 verbose stack Error: data-watcher@0.1.0 build: `npm run clean && npm run build:lib`
14 verbose stack Exit status 1
14 verbose stack     at EventEmitter.<anonymous> (/usr/local/lib/node_modules/npm/lib/utils/lifecycle.js:245:16)
14 verbose stack     at emitTwo (events.js:106:13)
14 verbose stack     at EventEmitter.emit (events.js:191:7)
14 verbose stack     at ChildProcess.<anonymous> (/usr/local/lib/node_modules/npm/lib/utils/spawn.js:24:14)
14 verbose stack     at emitTwo (events.js:106:13)
14 verbose stack     at ChildProcess.emit (events.js:191:7)
14 verbose stack     at maybeClose (internal/child_process.js:852:16)
14 verbose stack     at Process.ChildProcess._handle.onexit (internal/child_process.js:215:5)
15 verbose pkgid data-watcher@0.1.0
16 verbose cwd /Users/denisizmaylov/Sites/data-watcher/src
17 error Darwin 15.0.0
18 error argv "/usr/local/Cellar/node/6.2.1/bin/node" "/usr/local/bin/npm" "run" "build"
19 error node v6.2.1
20 error npm  v3.9.3
21 error code ELIFECYCLE
22 error data-watcher@0.1.0 build: `npm run clean && npm run build:lib`
22 error Exit status 1
23 error Failed at the data-watcher@0.1.0 build script 'npm run clean && npm run build:lib'.
23 error Make sure you have the latest version of node.js and npm installed.
23 error If you do, this is most likely a problem with the data-watcher package,
23 error not with npm itself.
23 error Tell the author that this fails on your system:
23 error     npm run clean && npm run build:lib
23 error You can get information on how to open an issue for this project with:
23 error     npm bugs data-watcher
23 error Or if that isn't available, you can get their info via:
23 error     npm owner ls data-watcher
23 error There is likely additional logging output above.
24 verbose exit [ 1, true ]
